[
    {
        "camera0": {
            "Scale": 3.01,
            "Up": [
            	0, 
                0, 
                1
            	],
            "Width": 2144.0,
            "Position": [
                213.30972290039062, 
                -234.40316772460938, 
                320.47418212890625
            ],
            "Rotation": [
                -0.6763433350299948,
                -0.08584879607262536,
                -0.7315665912095738,
                0.247041652194054,
                -0.9620977259709691,
                -0.11549193808546061,
                -0.6939237099583403,
                -0.25883962195611515,
                0.6719166130286387
            ],
            "View": [
                -46.17394611146536,
                9.94297044075799,
                31.498116614360345
            ],
            "Focal length": 3030.76975692,
            "Image": "slantedView.jpg",
            "Height": 1244.0,
            "k2": 0.0,
            "k1": 0.0,
            "LookAt": [
               -12.497806549072266, 
               -8.595645904541016, 
               94.66666412353516
            ],
            "Translation": [
                22.54377930138707,
                7.8800805303772075,
                -27.420590487344995
            ]
        }
    }
]